Array
(
    [action] => read
)
Array
(
    [action] => read
)
Array
(
    [action] => get
    [user_id] => 183
)
Array
(
    [user_id] => 183
    [student_id] => 
    [first_name] => 
    [middle_name] => 
    [last_name] => 
    [email] => 
    [password] => 
    [course] => 
    [year_level] => 0
    [section] => 
    [action] => update
)
Array
(
    [action] => read
)
Array
(
    [action] => get
    [user_id] => 183
)
Array
(
    [user_id] => 183
    [student_id] => 1
    [first_name] => 
    [middle_name] => 
    [last_name] => 
    [email] => 
    [password] => 
    [course] => 
    [year_level] => 0
    [section] => 
    [action] => update
)
Array
(
    [action] => read
)
Array
(
    [action] => get
    [user_id] => 183
)
Array
(
    [user_id] => 183
    [student_id] => 23424
    [first_name] => 
    [middle_name] => 
    [last_name] => 
    [email] => 
    [password] => 
    [course] => 
    [year_level] => 0
    [section] => 
    [action] => update
)
Array
(
    [action] => read
)
Array
(
    [action] => get
    [user_id] => 183
)
Array
(
    [user_id] => 183
    [student_id] => 23
    [first_name] => 
    [middle_name] => 
    [last_name] => 
    [email] => 
    [password] => 
    [course] => 
    [year_level] => 0
    [section] => 
    [action] => update
)
Array
(
    [action] => read
)
Array
(
    [action] => read
)
Array
(
    [action] => read
)
Array
(
    [action] => read
)
Array
(
    [action] => get
    [user_id] => 183
)
Array
(
    [user_id] => 183
    [student_id] => 
    [first_name] => 
    [middle_name] => 
    [last_name] => 
    [email] => 
    [password] => 
    [course] => 
    [year_level] => 0
    [section] => 
    [action] => update
)
Array
(
    [user_id] => 183
    [student_id] => 1
    [first_name] => 
    [middle_name] => 
    [last_name] => 
    [email] => 
    [password] => 
    [course] => 
    [year_level] => 0
    [section] => 
    [action] => update
)
Array
(
    [user_id] => 183
    [student_id] => 1
    [first_name] => ahmasdfkjajf
    [middle_name] => sdakfadsjkf
    [last_name] => kkdasjfdjaskfjkl
    [email] => jadsfkjadsfkj@aoho.com
    [password] => ksadjfkjadfs
    [course] => asdklfjkaj
    [year_level] => 2
    [section] => g
    [action] => update
)
Array
(
    [user_id] => 183
    [student_id] => 1
    [first_name] => ahmasdfkjajf
    [middle_name] => sdakfadsjkf
    [last_name] => kkdasjfdjaskfjkl
    [email] => jadsfkjadsfkj@aoho.com
    [password] => ksadjfkjadfs
    [course] => asdklfjkaj
    [year_level] => 2
    [section] => g
    [action] => update
)
Array
(
    [user_id] => 183
    [student_id] => 1
    [first_name] => ahmasdfkjajf
    [middle_name] => sdakfadsjkf
    [last_name] => kkdasjfdjaskfjkl
    [email] => jadsfkjadsfkj@aoho.com
    [password] => ksadjfkjadfs
    [course] => asdklfjkaj
    [year_level] => 2
    [section] => g
    [action] => update
)
Array
(
    [user_id] => 183
    [student_id] => 1
    [first_name] => ahmasdfkjajf
    [middle_name] => sdakfadsjkf
    [last_name] => kkdasjfdjaskfjkl
    [email] => jadsfkjadsfkj@aoho.com
    [password] => ksadjfkjadfs
    [course] => asdklfjkaj
    [year_level] => 2
    [section] => g
    [action] => update
)
Array
(
    [user_id] => 183
    [student_id] => 1
    [first_name] => ahmasdfkjajf
    [middle_name] => sdakfadsjkf
    [last_name] => kkdasjfdjaskfjkl
    [email] => jadsfkjadsfkj@aoho.com
    [password] => ksadjfkjadfs
    [course] => asdklfjkaj
    [year_level] => 2
    [section] => g
    [action] => update
)
Array
(
    [user_id] => 183
    [student_id] => 1
    [first_name] => ahmasdfkjajf
    [middle_name] => sdakfadsjkf
    [last_name] => kkdasjfdjaskfjkl
    [email] => jadsfkjadsfkj@aoho.com
    [password] => ksadjfkjadfs
    [course] => asdklfjkaj
    [year_level] => 2
    [section] => g
    [action] => update
)
Array
(
    [user_id] => 183
    [student_id] => 1
    [first_name] => ahmasdfkjajf
    [middle_name] => sdakfadsjkf
    [last_name] => kkdasjfdjaskfjkl
    [email] => jadsfkjadsfkj@aoho.com
    [password] => ksadjfkjadfs
    [course] => asdklfjkaj
    [year_level] => 2
    [section] => g
    [action] => update
)
Array
(
    [user_id] => 183
    [student_id] => 1
    [first_name] => ahmasdfkjajf
    [middle_name] => sdakfadsjkf
    [last_name] => kkdasjfdjaskfjkl
    [email] => jadsfkjadsfkj@aoho.com
    [password] => ksadjfkjadfs
    [course] => asdklfjkaj
    [year_level] => 2
    [section] => g
    [action] => update
)
Array
(
    [user_id] => 183
    [student_id] => 1
    [first_name] => ahmasdfkjajf
    [middle_name] => sdakfadsjkf
    [last_name] => kkdasjfdjaskfjkl
    [email] => jadsfkjadsfkj@aoho.com
    [password] => ksadjfkjadfs
    [course] => asdklfjkaj
    [year_level] => 2
    [section] => g
    [action] => update
)
Array
(
    [user_id] => 183
    [student_id] => 1
    [first_name] => ahmasdfkjajf
    [middle_name] => sdakfadsjkf
    [last_name] => kkdasjfdjaskfjkl
    [email] => jadsfkjadsfkj@aoho.com
    [password] => ksadjfkjadfs
    [course] => asdklfjkaj
    [year_level] => 2
    [section] => g
    [action] => update
)
Array
(
    [user_id] => 183
    [student_id] => 1
    [first_name] => ahmasdfkjajf
    [middle_name] => sdakfadsjkf
    [last_name] => kkdasjfdjaskfjkl
    [email] => jadsfkjadsfkj@aoho.com
    [password] => ksadjfkjadfs
    [course] => asdklfjkaj
    [year_level] => 2
    [section] => g
    [action] => update
)
Array
(
    [user_id] => 183
    [student_id] => 1
    [first_name] => ahmasdfkjajf
    [middle_name] => sdakfadsjkf
    [last_name] => kkdasjfdjaskfjkl
    [email] => jadsfkjadsfkj@aoho.com
    [password] => ksadjfkjadfs
    [course] => asdklfjkaj
    [year_level] => 2
    [section] => g
    [action] => update
)
Array
(
    [user_id] => 183
    [student_id] => 1
    [first_name] => ahmasdfkjajf
    [middle_name] => sdakfadsjkf
    [last_name] => kkdasjfdjaskfjkl
    [email] => jadsfkjadsfkj@aoho.com
    [password] => ksadjfkjadfs
    [course] => asdklfjkaj
    [year_level] => 2
    [section] => g
    [action] => update
)
Array
(
    [user_id] => 183
    [student_id] => 1
    [first_name] => ahmasdfkjajf
    [middle_name] => sdakfadsjkf
    [last_name] => kkdasjfdjaskfjkl
    [email] => jadsfkjadsfkj@aoho.com
    [password] => ksadjfkjadfs
    [course] => asdklfjkaj
    [year_level] => 2
    [section] => g
    [action] => update
)
Array
(
    [user_id] => 183
    [student_id] => 1
    [first_name] => ahmasdfkjajf
    [middle_name] => sdakfadsjkf
    [last_name] => kkdasjfdjaskfjkl
    [email] => jadsfkjadsfkj@aoho.com
    [password] => ksadjfkjadfs
    [course] => asdklfjkaj
    [year_level] => 2
    [section] => g
    [action] => update
)
Array
(
    [action] => read
)
Array
(
    [action] => read
)
Array
(
    [user_id] => 
    [student_id] => 
    [first_name] => 
    [middle_name] => 
    [last_name] => 
    [email] => 
    [password] => 
    [course] => 
    [year_level] => 
    [section] => 
    [action] => create
)
Array
(
    [user_id] => 
    [student_id] => 1
    [first_name] => 
    [middle_name] => 
    [last_name] => 
    [email] => 
    [password] => 
    [course] => 
    [year_level] => 
    [section] => 
    [action] => create
)
Array
(
    [user_id] => 
    [student_id] => 202305856
    [first_name] => 
    [middle_name] => 
    [last_name] => 
    [email] => 
    [password] => 
    [course] => 
    [year_level] => 
    [section] => 
    [action] => create
)
Array
(
    [user_id] => 
    [student_id] => 32424389124798
    [first_name] => 
    [middle_name] => 
    [last_name] => 
    [email] => 
    [password] => 
    [course] => 
    [year_level] => 
    [section] => 
    [action] => create
)
Array
(
    [user_id] => 
    [student_id] => 32424389124798
    [first_name] => asdfasdfads
    [middle_name] => 
    [last_name] => 
    [email] => 
    [password] => 
    [course] => 
    [year_level] => 
    [section] => 
    [action] => create
)
Array
(
    [user_id] => 
    [student_id] => 32424389124798
    [first_name] => asdfasdfads
    [middle_name] => asdfsadfdasfdsafas
    [last_name] => yahiya
    [email] => 
    [password] => 
    [course] => 
    [year_level] => 
    [section] => 
    [action] => create
)
Array
(
    [user_id] => 
    [student_id] => 32424389124798
    [first_name] => asdfasdfads
    [middle_name] => asdfsadfdasfdsafas
    [last_name] => yahiya
    [email] => asdfdasf@yaho.com
    [password] => asdfdsafa
    [course] => cs
    [year_level] => 
    [section] => 
    [action] => create
)
Array
(
    [user_id] => 
    [student_id] => 32424389124798
    [first_name] => asdfasdfads
    [middle_name] => asdfsadfdasfdsafas
    [last_name] => yahiya
    [email] => asdfdasf@yaho.com
    [password] => asdfdsafa
    [course] => cs
    [year_level] => 2
    [section] => 
    [action] => create
)
Array
(
    [user_id] => 
    [student_id] => 32424389124798
    [first_name] => asdfasdfads
    [middle_name] => asdfsadfdasfdsafas
    [last_name] => yahiya
    [email] => asdfdasf@yaho.com
    [password] => asdfdsafa
    [course] => cs
    [year_level] => 2
    [section] => ggg
    [action] => create
)
Array
(
    [action] => read
)
Array
(
    [action] => get
    [user_id] => 184
)
Array
(
    [user_id] => 184
    [student_id] => 32424389124798
    [first_name] => asdfasdfads
    [middle_name] => asdfsadfdasfdsafas
    [last_name] => yahiya
    [email] => asdfdasf@yaho.com
    [password] => 
    [course] => cs
    [year_level] => 2
    [section] => ggg
    [action] => update
)
Array
(
    [user_id] => 184
    [student_id] => 32424389124798
    [first_name] => asdfasdfads
    [middle_name] => asdfsadfdasfdsafas
    [last_name] => yahiya
    [email] => asdfdasf@yaho.com
    [password] => 
    [course] => cs
    [year_level] => 2
    [section] => ggg
    [action] => update
)
Array
(
    [user_id] => 184
    [student_id] => 32424389124798
    [first_name] => asdfasdfads
    [middle_name] => asdfsadfdasfdsafas
    [last_name] => yahiya
    [email] => asdfdasf@yaho.com
    [password] => asfdsadf
    [course] => cs
    [year_level] => 2
    [section] => ggg
    [action] => update
)
Array
(
    [user_id] => 184
    [student_id] => 32424389124798
    [first_name] => asdfasdfads
    [middle_name] => asdfsadfdasfdsafas
    [last_name] => yahiya
    [email] => asdfdasf@yaho.com
    [password] => asfdsadf
    [course] => cs
    [year_level] => 2
    [section] => ggg
    [action] => update
)
Array
(
    [user_id] => 184
    [student_id] => 32424389124798
    [first_name] => asdfasdfads
    [middle_name] => asdfsadfdasfdsafas
    [last_name] => yahiya
    [email] => asdfdasf@yaho.com
    [password] => asfdsadf
    [course] => cs
    [year_level] => 2
    [section] => ggg
    [action] => update
)
Array
(
    [user_id] => 184
    [student_id] => 32424389124798
    [first_name] => asdfasdfads
    [middle_name] => asdfsadfdasfdsafas
    [last_name] => yahiya
    [email] => asdfdasf@yaho.com
    [password] => asfdsadf
    [course] => cs
    [year_level] => 2
    [section] => ggg
    [action] => update
)
Array
(
    [user_id] => 184
    [student_id] => 32424389124798
    [first_name] => asdfasdfads
    [middle_name] => asdfsadfdasfdsafas
    [last_name] => yahiya
    [email] => asdfdasf@yaho.com
    [password] => asfdsadf
    [course] => cs
    [year_level] => 2
    [section] => ggg
    [action] => update
)
Array
(
    [user_id] => 184
    [student_id] => 32424389124798
    [first_name] => asdfasdfads
    [middle_name] => asdfsadfdasfdsafas
    [last_name] => yahiya
    [email] => asdfdasf@yaho.com
    [password] => asfdsadf
    [course] => cs
    [year_level] => 2
    [section] => ggg
    [action] => update
)
Array
(
    [user_id] => 184
    [student_id] => 32424389124798
    [first_name] => asdfasdfads
    [middle_name] => asdfsadfdasfdsafas
    [last_name] => yahiya
    [email] => asdfdasf@yaho.com
    [password] => asfdsadf
    [course] => cs
    [year_level] => 2
    [section] => ggg
    [action] => update
)
Array
(
    [user_id] => 184
    [student_id] => 3242438912479
    [first_name] => asdfasdfads
    [middle_name] => asdfsadfdasfdsafas
    [last_name] => yahiya
    [email] => asdfdasf@yaho.com
    [password] => asfdsadf
    [course] => cs
    [year_level] => 2
    [section] => ggg
    [action] => update
)
Array
(
    [user_id] => 184
    [student_id] => 3242438912479
    [first_name] => asdfasdfads
    [middle_name] => asdfsadfdasfdsafas
    [last_name] => yahiya
    [email] => asdfdasf@yaho.com
    [password] => asfdsadf
    [course] => cs
    [year_level] => 2
    [section] => ggg
    [action] => update
)
Array
(
    [user_id] => 184
    [student_id] => 3242438912479
    [first_name] => asdfasdfads
    [middle_name] => asdfsadfdasfdsafas
    [last_name] => yahiya
    [email] => asdfdasf@yaho.com
    [password] => asfdsadf
    [course] => cs
    [year_level] => 2
    [section] => ggg
    [action] => update
)
Array
(
    [user_id] => 184
    [student_id] => 3242438912479
    [first_name] => asdfasdfads
    [middle_name] => asdfsadfdasfdsafas
    [last_name] => yahiya
    [email] => asdfdasf@yaho.com
    [password] => asfdsadf
    [course] => cs
    [year_level] => 2
    [section] => ggg
    [action] => update
)
Array
(
    [user_id] => 184
    [student_id] => 3242438912479
    [first_name] => asdfasdfads
    [middle_name] => asdfsadfdasfdsafas
    [last_name] => yahiya
    [email] => asdfdasf@yaho.com
    [password] => asfdsadf
    [course] => cs
    [year_level] => 2
    [section] => ggg
    [action] => update
)
Array
(
    [user_id] => 184
    [student_id] => 3242438912479
    [first_name] => asdfasdfads
    [middle_name] => asdfsadfdasfdsafas
    [last_name] => yahiya
    [email] => asdfdasf@yaho.com
    [password] => asfdsadf
    [course] => cs
    [year_level] => 2
    [section] => ggg
    [action] => update
)
Array
(
    [action] => read
)
Array
(
    [action] => read
)
Array
(
    [action] => get
    [user_id] => 154
)
Array
(
    [user_id] => 154
    [student_id] => 202305856
    [first_name] => Ahmad Feyaz
    [middle_name] => 
    [last_name] => Yahiya
    [email] => hz202305856@wmsu.edu.phasfa
    [password] => 
    [course] => Computer Science
    [year_level] => 2
    [section] => A
    [action] => update
)
UPDATE students 
                  SET student_id = :student_id, 
                      email = :email, 
                      first_name = :first_name, 
                      middle_name = :middle_name, 
                      last_name = :last_name, 
                      course = :course, 
                      year_level = :year_level, 
                      section = :section 
                  WHERE user_id = :user_id
Array
(
    [user_id] => 154
    [student_id] => 202305856
    [email] => hz202305856@wmsu.edu.phasfa
    [first_name] => Ahmad Feyaz
    [middle_name] => 
    [last_name] => Yahiya
    [course] => Computer Science
    [year_level] => 2
    [section] => A
)
Array
(
    [user_id] => 154
    [student_id] => 1asdf
    [first_name] => Ahmad Feyaz
    [middle_name] => 
    [last_name] => Yahiya
    [email] => hz202305856@wmsu.edu.phasfa
    [password] => safsafsafads
    [course] => Computer Science
    [year_level] => 2
    [section] => A
    [action] => update
)
UPDATE students 
                  SET student_id = :student_id, 
                      email = :email, 
                      first_name = :first_name, 
                      middle_name = :middle_name, 
                      last_name = :last_name, 
                      course = :course, 
                      year_level = :year_level, 
                      section = :section 
                  WHERE user_id = :user_id
Array
(
    [user_id] => 154
    [student_id] => 1asdf
    [email] => hz202305856@wmsu.edu.phasfa
    [first_name] => Ahmad Feyaz
    [middle_name] => 
    [last_name] => Yahiya
    [course] => Computer Science
    [year_level] => 2
    [section] => A
)
Array
(
    [user_id] => 154
    [student_id] => 1
    [first_name] => Ahmad Feyaz
    [middle_name] => 
    [last_name] => Yahiya
    [email] => hz202305856@wmsu.edu.phasfa
    [password] => safsafsafads
    [course] => Computer Science
    [year_level] => 2
    [section] => A
    [action] => update
)
UPDATE students 
                  SET student_id = :student_id, 
                      email = :email, 
                      first_name = :first_name, 
                      middle_name = :middle_name, 
                      last_name = :last_name, 
                      course = :course, 
                      year_level = :year_level, 
                      section = :section 
                  WHERE user_id = :user_id
Array
(
    [user_id] => 154
    [student_id] => 1
    [email] => hz202305856@wmsu.edu.phasfa
    [first_name] => Ahmad Feyaz
    [middle_name] => 
    [last_name] => Yahiya
    [course] => Computer Science
    [year_level] => 2
    [section] => A
)
Array
(
    [user_id] => 154
    [student_id] => 1
    [first_name] => Ahmad Feyaz
    [middle_name] => 
    [last_name] => Yahiya
    [email] => hz202305856@wmsu.edu.phasfa
    [password] => safsafsafads
    [course] => Computer Science
    [year_level] => 2
    [section] => A
    [action] => update
)
UPDATE students 
                  SET student_id = :student_id, 
                      email = :email, 
                      first_name = :first_name, 
                      middle_name = :middle_name, 
                      last_name = :last_name, 
                      course = :course, 
                      year_level = :year_level, 
                      section = :section 
                  WHERE user_id = :user_id
Array
(
    [user_id] => 154
    [student_id] => 1
    [email] => hz202305856@wmsu.edu.phasfa
    [first_name] => Ahmad Feyaz
    [middle_name] => 
    [last_name] => Yahiya
    [course] => Computer Science
    [year_level] => 2
    [section] => A
)
Array
(
    [action] => read
)
Array
(
    [action] => get
    [user_id] => 184
)
Array
(
    [user_id] => 184
    [student_id] => 1
    [first_name] => asdfasdfads
    [middle_name] => asdfsadfdasfdsafas
    [last_name] => yahiya
    [email] => asdfdasf@yaho.com
    [password] => yaeasfdasfdsaf
    [course] => cs
    [year_level] => 2
    [section] => ggg
    [action] => update
)
UPDATE registered_students 
                  SET student_id = :student_id, 
                      email = :email, 
                      first_name = :first_name, 
                      middle_name = :middle_name, 
                      last_name = :last_name, 
                      course = :course, 
                      year_level = :year_level, 
                      section = :section 
                  WHERE user_id = :user_id
Array
(
    [user_id] => 184
    [student_id] => 1
    [email] => asdfdasf@yaho.com
    [first_name] => asdfasdfads
    [middle_name] => asdfsadfdasfdsafas
    [last_name] => yahiya
    [course] => cs
    [year_level] => 2
    [section] => ggg
)
Array
(
    [action] => read
)
Array
(
    [action] => read
)
Array
(
    [action] => read
)
Array
(
    [user_id] => 
    [student_id] => 
    [first_name] => 
    [middle_name] => 
    [last_name] => 
    [email] => 
    [password] => 
    [course] => 
    [year_level] => 
    [section] => 
    [action] => create
)
Array
(
    [user_id] => 
    [student_id] => 202305856
    [first_name] => 
    [middle_name] => 
    [last_name] => 
    [email] => 
    [password] => 
    [course] => 
    [year_level] => 
    [section] => 
    [action] => create
)
Array
(
    [user_id] => 
    [student_id] => 1
    [first_name] => 
    [middle_name] => 
    [last_name] => 
    [email] => 
    [password] => 
    [course] => 
    [year_level] => 
    [section] => 
    [action] => create
)
Array
(
    [user_id] => 
    [student_id] => 1
    [first_name] => 
    [middle_name] => 
    [last_name] => 
    [email] => 
    [password] => 
    [course] => 
    [year_level] => 
    [section] => 
    [action] => create
)
Array
(
    [user_id] => 
    [student_id] => 1
    [first_name] => 
    [middle_name] => 
    [last_name] => 
    [email] => 
    [password] => 
    [course] => 
    [year_level] => 
    [section] => 
    [action] => create
)
Array
(
    [user_id] => 
    [student_id] => 1
    [first_name] => asfddsaf
    [middle_name] => dasfdsafdas
    [last_name] => fadsfasdfd
    [email] => asfadsfdasfds@yaoho.com
    [password] => adsiufiudai
    [course] => sdoafhiuh
    [year_level] => 2
    [section] => g
    [action] => create
)
Array
(
    [user_id] => 
    [student_id] => 1
    [first_name] => asfddsaf
    [middle_name] => dasfdsafdas
    [last_name] => fadsfasdfd
    [email] => asfadsfdasfds@yaoho.com
    [password] => adsiufiudai
    [course] => sdoafhiuh
    [year_level] => 2
    [section] => g
    [action] => create
)
Array
(
    [user_id] => 
    [student_id] => 2
    [first_name] => asfddsaf
    [middle_name] => dasfdsafdas
    [last_name] => fadsfasdfd
    [email] => asfadsfdasfds@yaoho.com
    [password] => adsiufiudai
    [course] => sdoafhiuh
    [year_level] => 2
    [section] => g
    [action] => create
)
Array
(
    [action] => read
)
Array
(
    [action] => get
    [user_id] => 185
)
Array
(
    [user_id] => 185
    [student_id] => 2
    [first_name] => asfddsaf
    [middle_name] => dasfdsafdas
    [last_name] => fadsfasdfd
    [email] => asfadsfdasfds@yaoho.com
    [password] => 
    [course] => sdoafhiuh
    [year_level] => 2
    [section] => g
    [action] => update
)
UPDATE registered_students 
                  SET student_id = :student_id, 
                      email = :email, 
                      first_name = :first_name, 
                      middle_name = :middle_name, 
                      last_name = :last_name, 
                      course = :course, 
                      year_level = :year_level, 
                      section = :section 
                  WHERE user_id = :user_id
Array
(
    [user_id] => 185
    [student_id] => 2
    [email] => asfadsfdasfds@yaoho.com
    [first_name] => asfddsaf
    [middle_name] => dasfdsafdas
    [last_name] => fadsfasdfd
    [course] => sdoafhiuh
    [year_level] => 2
    [section] => g
)
Array
(
    [action] => read
)
Array
(
    [action] => read
)
Array
(
    [action] => get
    [user_id] => 185
)
Array
(
    [user_id] => 185
    [student_id] => 2
    [first_name] => asfddsaf
    [middle_name] => dasfdsafdas
    [last_name] => fadsfasdfd
    [email] => asfadsfdasfds@yaoho.com
    [password] => 
    [course] => sdoafhiuh
    [year_level] => 2
    [section] => g
    [action] => update
)
UPDATE registered_students 
                  SET student_id = :student_id, 
                      email = :email, 
                      first_name = :first_name, 
                      middle_name = :middle_name, 
                      last_name = :last_name, 
                      course = :course, 
                      year_level = :year_level, 
                      section = :section 
                  WHERE user_id = :user_id
Array
(
    [user_id] => 185
    [student_id] => 2
    [email] => asfadsfdasfds@yaoho.com
    [first_name] => asfddsaf
    [middle_name] => dasfdsafdas
    [last_name] => fadsfasdfd
    [course] => sdoafhiuh
    [year_level] => 2
    [section] => g
)
Array
(
    [action] => read
)
Array
(
    [action] => get
    [user_id] => 185
)
Array
(
    [action] => get
    [user_id] => 185
)
Array
(
    [user_id] => 185
    [student_id] => 2
    [first_name] => asfddsaf
    [middle_name] => dasfdsafdas
    [last_name] => fadsfasdfd
    [email] => asfadsfdasfds@yaoho.com
    [password] => jeenan
    [course] => sdoafhiuh
    [year_level] => 2
    [section] => g
    [action] => update
)
UPDATE registered_students 
                  SET student_id = :student_id, 
                      email = :email, 
                      first_name = :first_name, 
                      middle_name = :middle_name, 
                      last_name = :last_name, 
                      course = :course, 
                      year_level = :year_level, 
                      section = :section 
                  WHERE user_id = :user_id
Array
(
    [user_id] => 185
    [student_id] => 2
    [email] => asfadsfdasfds@yaoho.com
    [first_name] => asfddsaf
    [middle_name] => dasfdsafdas
    [last_name] => fadsfasdfd
    [course] => sdoafhiuh
    [year_level] => 2
    [section] => g
)
Array
(
    [action] => read
)
Array
(
    [action] => get
    [user_id] => 185
)
Array
(
    [user_id] => 185
    [student_id] => 2
    [first_name] => asfddsaf
    [middle_name] => dasfdsafdas
    [last_name] => fadsfasdfd
    [email] => asfadsfdasfds@yaoho.com
    [password] => 
    [course] => sdoafhiuh
    [year_level] => 2
    [section] => gdsafs
    [action] => update
)
UPDATE registered_students 
                  SET student_id = :student_id, 
                      email = :email, 
                      first_name = :first_name, 
                      middle_name = :middle_name, 
                      last_name = :last_name, 
                      course = :course, 
                      year_level = :year_level, 
                      section = :section 
                  WHERE user_id = :user_id
Array
(
    [user_id] => 185
    [student_id] => 2
    [email] => asfadsfdasfds@yaoho.com
    [first_name] => asfddsaf
    [middle_name] => dasfdsafdas
    [last_name] => fadsfasdfd
    [course] => sdoafhiuh
    [year_level] => 2
    [section] => gdsafs
)
Array
(
    [action] => read
)
Array
(
    [action] => get
    [user_id] => 185
)
Array
(
    [user_id] => 185
    [student_id] => 1
    [first_name] => asfddsaf
    [middle_name] => dasfdsafdas
    [last_name] => fadsfasdfd
    [email] => asfadsfdasfds@yaoho.com
    [password] => 
    [course] => sdoafhiuh
    [year_level] => 2
    [section] => gdsafs
    [action] => update
)
Array
(
    [user_id] => 185
    [student_id] => 1
    [first_name] => asfddsaf
    [middle_name] => dasfdsafdas
    [last_name] => fadsfasdfd
    [email] => asfadsfdasfds@yaoho.com
    [password] => 
    [course] => sdoafhiuh
    [year_level] => 2
    [section] => gdsafs
    [action] => update
)
Array
(
    [user_id] => 185
    [student_id] => 2
    [first_name] => asfddsaf
    [middle_name] => dasfdsafdas
    [last_name] => fadsfasdfd
    [email] => asfadsfdasfds@yaoho.com
    [password] => 
    [course] => sdoafhiuh
    [year_level] => 2
    [section] => gdsafs
    [action] => update
)
UPDATE registered_students 
                  SET student_id = :student_id, 
                      email = :email, 
                      first_name = :first_name, 
                      middle_name = :middle_name, 
                      last_name = :last_name, 
                      course = :course, 
                      year_level = :year_level, 
                      section = :section 
                  WHERE user_id = :user_id
Array
(
    [user_id] => 185
    [student_id] => 2
    [email] => asfadsfdasfds@yaoho.com
    [first_name] => asfddsaf
    [middle_name] => dasfdsafdas
    [last_name] => fadsfasdfd
    [course] => sdoafhiuh
    [year_level] => 2
    [section] => gdsafs
)
Array
(
    [action] => read
)
Array
(
    [action] => get
    [user_id] => 182
)
Array
(
    [user_id] => 182
    [student_id] => 202305856
    [first_name] => ahmad
    [middle_name] => 
    [last_name] => efidasfkjadsfk
    [email] => dsjafokadfjk@yahoo.com
    [password] => 
    [course] => cs
    [year_level] => 2
    [section] => a
    [action] => update
)
Array
(
    [user_id] => 182
    [student_id] => 2893478329741
    [first_name] => ahmad
    [middle_name] => 
    [last_name] => efidasfkjadsfk
    [email] => dsjafokadfjk@yahoo.com
    [password] => 
    [course] => cs
    [year_level] => 2
    [section] => a
    [action] => update
)
UPDATE registered_students 
                  SET student_id = :student_id, 
                      email = :email, 
                      first_name = :first_name, 
                      middle_name = :middle_name, 
                      last_name = :last_name, 
                      course = :course, 
                      year_level = :year_level, 
                      section = :section 
                  WHERE user_id = :user_id
Array
(
    [user_id] => 182
    [student_id] => 2893478329741
    [email] => dsjafokadfjk@yahoo.com
    [first_name] => ahmad
    [middle_name] => 
    [last_name] => efidasfkjadsfk
    [course] => cs
    [year_level] => 2
    [section] => a
)
Array
(
    [action] => read
)
Array
(
    [action] => get
    [user_id] => 154
)
Array
(
    [user_id] => 154
    [student_id] => 1
    [first_name] => Ahmad Feyaz
    [middle_name] => 
    [last_name] => Yahiya
    [email] => hz202305856@wmsu.edu.phasfa
    [password] => 
    [course] => Computer Science
    [year_level] => 2
    [section] => A
    [action] => update
)
UPDATE registered_students 
                  SET student_id = :student_id, 
                      email = :email, 
                      first_name = :first_name, 
                      middle_name = :middle_name, 
                      last_name = :last_name, 
                      course = :course, 
                      year_level = :year_level, 
                      section = :section 
                  WHERE user_id = :user_id
Array
(
    [user_id] => 154
    [student_id] => 1
    [email] => hz202305856@wmsu.edu.phasfa
    [first_name] => Ahmad Feyaz
    [middle_name] => 
    [last_name] => Yahiya
    [course] => Computer Science
    [year_level] => 2
    [section] => A
)
Array
(
    [action] => read
)
Array
(
    [action] => get
    [user_id] => 154
)
Array
(
    [user_id] => 154
    [student_id] => 202305856
    [first_name] => Ahmad Feyaz
    [middle_name] => 
    [last_name] => Yahiya
    [email] => hz202305856@wmsu.edu.phasfa
    [password] => 
    [course] => Computer Science
    [year_level] => 2
    [section] => A
    [action] => update
)
UPDATE registered_students 
                  SET student_id = :student_id, 
                      email = :email, 
                      first_name = :first_name, 
                      middle_name = :middle_name, 
                      last_name = :last_name, 
                      course = :course, 
                      year_level = :year_level, 
                      section = :section 
                  WHERE user_id = :user_id
Array
(
    [user_id] => 154
    [student_id] => 202305856
    [email] => hz202305856@wmsu.edu.phasfa
    [first_name] => Ahmad Feyaz
    [middle_name] => 
    [last_name] => Yahiya
    [course] => Computer Science
    [year_level] => 2
    [section] => A
)
Array
(
    [action] => read
)
Array
(
    [action] => read
)
Array
(
    [action] => read
)
Array
(
    [action] => get
    [user_id] => 154
)
Array
(
    [user_id] => 154
    [student_id] => 202305856
    [first_name] => Ahmad Feyaz
    [middle_name] => 
    [last_name] => Yahiya
    [email] => hz202305856@wmsu.edu.phasfa
    [course] => Computer Science
    [year_level] => 2
    [section] => A
    [action] => update
)
UPDATE registered_students 
                  SET student_id = :student_id, 
                      email = :email, 
                      first_name = :first_name, 
                      middle_name = :middle_name, 
                      last_name = :last_name, 
                      course = :course, 
                      year_level = :year_level, 
                      section = :section 
                  WHERE user_id = :user_id
Array
(
    [user_id] => 154
    [student_id] => 202305856
    [email] => hz202305856@wmsu.edu.phasfa
    [first_name] => Ahmad Feyaz
    [middle_name] => 
    [last_name] => Yahiya
    [course] => Computer Science
    [year_level] => 2
    [section] => A
)
Array
(
    [action] => read
)
Array
(
    [action] => get
    [user_id] => 154
)
Array
(
    [action] => get
    [user_id] => 154
)
Array
(
    [user_id] => 154
    [student_id] => 202305856
    [first_name] => Ahmad Feyaz
    [middle_name] => 
    [last_name] => Yahiya
    [email] => hz202305856@wmsu.edu.phasfa
    [password] => PAPA
    [course] => Computer Science
    [year_level] => 2
    [section] => A
    [action] => update
)
UPDATE registered_students 
                  SET student_id = :student_id, 
                      email = :email, 
                      first_name = :first_name, 
                      middle_name = :middle_name, 
                      last_name = :last_name, 
                      course = :course, 
                      year_level = :year_level, 
                      section = :section 
                  WHERE user_id = :user_id
Array
(
    [user_id] => 154
    [student_id] => 202305856
    [email] => hz202305856@wmsu.edu.phasfa
    [first_name] => Ahmad Feyaz
    [middle_name] => 
    [last_name] => Yahiya
    [course] => Computer Science
    [year_level] => 2
    [section] => A
    [password] => $2y$10$dyRHZMmbbTZtvg1ugCiHEOI10.7Dm9zY6HGUOVb/Ban86cq2QzLGO
)
Array
(
    [action] => read
)
Array
(
    [action] => get
    [user_id] => 154
)
Array
(
    [user_id] => 154
    [student_id] => 202305856
    [first_name] => Ahmad Feyaz
    [middle_name] => 
    [last_name] => Yahiya
    [email] => hz202305856@wmsu.edu.phasfa
    [course] => Computer Science
    [year_level] => 2
    [section] => A
    [action] => update
)
UPDATE registered_students 
                  SET student_id = :student_id, 
                      email = :email, 
                      first_name = :first_name, 
                      middle_name = :middle_name, 
                      last_name = :last_name, 
                      course = :course, 
                      year_level = :year_level, 
                      section = :section 
                  WHERE user_id = :user_id
Array
(
    [user_id] => 154
    [student_id] => 202305856
    [email] => hz202305856@wmsu.edu.phasfa
    [first_name] => Ahmad Feyaz
    [middle_name] => 
    [last_name] => Yahiya
    [course] => Computer Science
    [year_level] => 2
    [section] => A
)
Array
(
    [action] => read
)
Array
(
    [action] => get
    [user_id] => 154
)
Array
(
    [user_id] => 154
    [student_id] => 202305856
    [first_name] => Ahmad Feyaz
    [middle_name] => 
    [last_name] => Yahiya
    [email] => hz202305856@wmsu.edu.phasfa
    [password] => SADIFDASHFHDSFDSFHADFA
    [course] => Computer Science
    [year_level] => 2
    [section] => A
    [action] => update
)
UPDATE registered_students 
                  SET student_id = :student_id, 
                      email = :email, 
                      first_name = :first_name, 
                      middle_name = :middle_name, 
                      last_name = :last_name, 
                      course = :course, 
                      year_level = :year_level, 
                      section = :section 
                  WHERE user_id = :user_id
Array
(
    [user_id] => 154
    [student_id] => 202305856
    [email] => hz202305856@wmsu.edu.phasfa
    [first_name] => Ahmad Feyaz
    [middle_name] => 
    [last_name] => Yahiya
    [course] => Computer Science
    [year_level] => 2
    [section] => A
    [password] => $2y$10$CJ.xGY9Iy0SGMS/pwAU9s.OPY0HAOIJ0FGbVuKqQsAWZq1uTdJ8Ay
)
Array
(
    [action] => read
)
Array
(
    [action] => read
)
Array
(
    [action] => read
)
Array
(
    [action] => get
    [user_id] => 154
)
Array
(
    [user_id] => 154
    [student_id] => 202305856
    [first_name] => Ahmad Feyaz
    [middle_name] => 
    [last_name] => Yahiya
    [email] => hz202305856@wmsu.edu.phasfa
    [course] => Computer Science
    [year_level] => 2
    [section] => A
    [action] => update
)
Array
(
    [user_id] => 154
    [student_id] => 202305856
    [first_name] => Ahmad Feyaz
    [middle_name] => 
    [last_name] => Yahiya
    [email] => hz202305856@wmsu.edu.phasfa
    [password] => jkdfsjhfashlfkhdsafasf
    [course] => Computer Science
    [year_level] => 2
    [section] => A
    [action] => update
)
Array
(
    [action] => read
)
Array
(
    [action] => get
    [user_id] => 154
)
Array
(
    [user_id] => 154
    [student_id] => 202305856
    [first_name] => Ahmad Feyaz
    [middle_name] => 
    [last_name] => Yahiya
    [email] => hz202305856@wmsu.edu.phasfa
    [course] => Computer Science
    [year_level] => 2
    [section] => A
    [action] => update
)
Array
(
    [action] => read
)
Array
(
    [action] => get
    [user_id] => 154
)
Array
(
    [user_id] => 154
    [student_id] => 202305856
    [first_name] => Ahmad Feyaz
    [middle_name] => 
    [last_name] => Yahiya
    [email] => hz202305856@wmsu.edu.phasfa
    [password] => KSDJKDASLKHJKADFA
    [course] => Computer Science
    [year_level] => 2
    [section] => A
    [action] => update
)
Array
(
    [action] => read
)
